<?xml version="1.0" encoding="UTF-8"?>
<!-- Generated by org.testng.reporters.JUnitXMLReporter -->
<testsuite hostname="sasi" ignored="0" name="Default test" tests="7" failures="0" timestamp="02 Mar 2025 10:49:56 GMT" time="45.571" errors="0">
  <testcase name="Test1" time="1.708" classname="org.adactinn.AdactinDelete"/>
  <testcase name="Test2" time="2.819" classname="org.adactinn.AdactinDelete"/>
  <testcase name="Test3" time="1.036" classname="org.adactinn.AdactinDelete"/>
  <testcase name="Test4" time="8.22" classname="org.adactinn.AdactinDelete"/>
  <testcase name="Test5" time="16.854" classname="org.adactinn.AdactinDelete"/>
  <testcase name="test6" time="0.006" classname="org.adactinn.AdactinDelete"/>
  <testcase name="test6" time="0.004" classname="org.adactinn.AdactinDelete"/>
</testsuite> <!-- Default test -->
