<?xml version="1.0" encoding="UTF-8"?>
<!-- Generated by org.testng.reporters.JUnitXMLReporter -->
<testsuite hostname="sasi" ignored="0" name="Test" tests="5" failures="0" timestamp="02 Mar 2025 11:06:34 GMT" time="38.774" errors="0">
  <testcase name="Test1" time="2.155" classname="org.adactinn.AdactinDelete"/>
  <testcase name="Test2" time="3.192" classname="org.adactinn.AdactinDelete"/>
  <testcase name="Test3" time="1.111" classname="org.adactinn.AdactinDelete"/>
  <testcase name="Test4" time="8.575" classname="org.adactinn.AdactinDelete"/>
  <testcase name="Test5" time="17.172" classname="org.adactinn.AdactinDelete"/>
</testsuite> <!-- Test -->
